0000000000000000 0000000000000401 b __fixedpath
0000000000000000 A __start__
0000000000000000 T _start
0000000000000000 b _TLS_MODULE_BASE_
0000000000000080 t startup
00000000000000b0 t bss_loop
0000000000000104 T __nx_exit
0000000000000114 T __nx_mod0
0000000000000130 T _init
0000000000000180 0000000000000038 T exit
00000000000001c0 000000000000002c T main
00000000000001f0 t deregister_tm_clones
0000000000000220 t register_tm_clones
0000000000000258 t __do_global_dtors_aux
00000000000002a0 t frame_dummy
00000000000002e0 0000000000000034 t ipcCloseObjectById
0000000000000320 0000000000000070 T bpcInitialize
0000000000000390 000000000000009c T bpcExit
0000000000000408 0000000000002000 b tmp_buffer.6882
0000000000000430 00000000000000c8 T bpcShutdownSystem
0000000000000500 0000000000000044 T smAddOverrideHandle
0000000000000550 0000000000000060 T smGetServiceOverride
00000000000005b0 0000000000000014 T smHasInitialized
00000000000005d0 000000000000005c T smExit
0000000000000630 0000000000000038 T smEncodeName
0000000000000670 000000000000012c T smGetServiceOriginal
00000000000007a0 0000000000000158 T smInitialize
0000000000000900 0000000000000074 T smGetService
0000000000000980 0000000000000104 T fatalWithType
0000000000000a90 0000000000000014 T fatalSimple
0000000000000ab0 000000000000004c t _gfxCancelBuffer
0000000000000b00 0000000000000170 t _gfxDequeueBuffer.part.0
0000000000000c70 00000000000004b4 T gfxInitDefault
0000000000001130 00000000000000e8 T gfxConfigureCrop
0000000000001220 0000000000000014 T gfxConfigureResolution
0000000000001240 0000000000000060 t _gfxAutoResolutionAppletHook
00000000000012a0 000000000000011c T gfxConfigureAutoResolution
00000000000013c0 0000000000000174 T gfxExit
0000000000001540 000000000000003c T _gfxGraphicBufferInit
0000000000001580 000000000000006c T gfxSwapBuffers
00000000000015f0 0000000000000068 T gfxGetFramebuffer
0000000000001660 000000000000002c T gfxGetFramebufferResolution
0000000000001690 000000000000000c T gfxSetMode
00000000000016a0 000000000000012c T gfxFlushBuffers
00000000000017d0 0000000000000038 t nvmapobjClose.part.0.constprop.3
0000000000001810 00000000000001e8 T nvgfxInitialize
0000000000001a00 0000000000000058 T nvgfxExit
0000000000001a60 000000000000004c T nvgfxGetFramebuffer
0000000000001ab0 0000000000000044 t consoleDrawChar
0000000000001b00 0000000000000140 t consoleClearLine
0000000000001c40 000000000000004c t consoleNewRow
0000000000001c90 0000000000000118 t consolePrintChar
0000000000001db0 000000000000015c t consoleCls
0000000000001f10 00000000000007e0 t con_write
0000000000002408 0000000000002000 b tmp_buffer.6906
00000000000026f0 0000000000000114 T consoleInit
0000000000002810 0000000000000014 t ConsoleSwRenderer_flushAndSwap
0000000000002830 0000000000000004 t ConsoleSwRenderer_deinit
0000000000002840 00000000000000ac t ConsoleSwRenderer_init
00000000000028f0 0000000000000224 t ConsoleSwRenderer_drawChar
0000000000002b20 0000000000000158 t ConsoleSwRenderer_scrollWindow
0000000000002c80 000000000000000c W getDefaultConsoleRenderer
0000000000002c8c T armDCacheFlush
0000000000002cb0 t armDCacheFlush_L0
0000000000002cc8 T svcSetHeapSize
0000000000002cdc T svcUnmapMemory
0000000000002ce4 T svcQueryMemory
0000000000002cf8 T svcExitProcess
0000000000002d00 T svcSleepThread
0000000000002d08 T svcMapSharedMemory
0000000000002d10 T svcUnmapSharedMemory
0000000000002d18 T svcCreateTransferMemory
0000000000002d2c T svcCloseHandle
0000000000002d34 T svcResetSignal
0000000000002d3c T svcWaitSynchronization
0000000000002d50 T svcArbitrateLock
0000000000002d58 T svcArbitrateUnlock
0000000000002d60 T svcConnectToNamedPort
0000000000002d74 T svcSendSyncRequest
0000000000002d7c T svcBreak
0000000000002d84 T svcGetInfo
0000000000002d98 T svcUnmapTransferMemory
0000000000002da0 0000000000000180 t _CacheValues
0000000000002f20 000000000000001c T kernelAbove200
0000000000002f40 000000000000001c T kernelAbove300
0000000000002f60 0000000000000030 T detectDebugger
0000000000002f90 000000000000008c T mutexLock
0000000000003020 0000000000000030 T mutexUnlock
0000000000003050 000000000000004c T rmutexLock
00000000000030a0 000000000000001c T rmutexUnlock
00000000000030c0 000000000000000c T eventLoadRemote
00000000000030d0 000000000000011c T eventWait
00000000000031f0 0000000000000050 T eventClose
0000000000003240 0000000000000034 t ipcCloseObjectById
0000000000003280 00000000000000c8 t ipcQueryPointerBufferSize.constprop.10
0000000000003350 000000000000010c t ipcCloneSession.constprop.9
0000000000003460 00000000000000d8 t _nvSetClientPID
0000000000003540 00000000000000f0 t _nvInitialize.constprop.8
0000000000003630 0000000000000108 T nvExit
0000000000003740 0000000000000178 T nvInitialize
00000000000038c0 000000000000012c T nvConvertError
00000000000039f0 000000000000012c T nvOpen
0000000000003b20 0000000000000270 T nvIoctl
0000000000003d90 00000000000000dc T nvClose
0000000000003e70 000000000000015c T nvQueryEvent
0000000000003fd0 0000000000000034 t ipcCloseObjectById
0000000000004010 00000000000000c4 t _appletCmdNoIO
00000000000040e0 0000000000000124 t _appletGetHandle
0000000000004210 00000000000000ec t _appletReceiveMessage
0000000000004300 00000000000000e0 t _appletGetOperationMode.constprop.17
00000000000043e0 00000000000000e0 t _appletGetPerformanceMode.constprop.18
00000000000044c0 00000000000000e0 t _appletGetCurrentFocusState.constprop.19
00000000000045a0 00000000000000cc t _appletAcquireForegroundRights
0000000000004670 00000000000000d4 t _appletSetPerformanceModeChangedNotification.constprop.21
0000000000004750 00000000000000d0 t _appletSetOutOfFocusSuspendingEnabled
0000000000004820 00000000000000d4 t _appletSetOperationModeChangedNotification.constprop.20
0000000000004900 00000000000000d8 t _appletSetFocusHandlingMode
00000000000049e0 00000000000000e0 t _appletGetAppletResourceUserId.constprop.15
0000000000004ac0 000000000000013c t _appletGetSessionProxy.constprop.14
0000000000004c00 0000000000000010 T appletGetAppletType
0000000000004c10 0000000000000028 T appletHook
0000000000004c40 0000000000000034 T appletUnhook
0000000000004c80 0000000000000028 T appletGetAppletResourceUserId
0000000000004cb0 0000000000000120 T appletNotifyRunning
0000000000004dd0 0000000000000124 T appletSetGamePlayRecordingState
0000000000004f00 00000000000006c0 T appletExit
00000000000055c0 0000000000000594 T appletInitialize
0000000000005b60 0000000000000010 t _appletExitProcess
0000000000005b70 00000000000000ec T appletCreateManagedDisplayLayer
0000000000005c60 000000000000000c T appletGetOperationMode
0000000000005c70 0000000000000034 t ipcCloseObjectById
0000000000005cb0 0000000000000134 t _viGetSession.constprop.7
0000000000005df0 00000000000001e4 T viExit
0000000000005fe0 0000000000000304 T viInitialize
00000000000062f0 000000000000000c T viGetSession_IHOSBinderDriverRelay
0000000000006300 0000000000000140 T viOpenDisplay
0000000000006440 0000000000000104 T viCloseDisplay
0000000000006550 000000000000013c T viGetDisplayVsyncEvent
0000000000006690 0000000000000104 T viCloseLayer
00000000000067a0 0000000000000320 T viCreateLayer
0000000000006ac0 00000000000000e8 T viSetLayerScalingMode
0000000000006bb0 0000000000000034 t ipcCloseObjectById
0000000000006bf0 0000000000000124 t _apmGetSession.constprop.4
0000000000006d20 00000000000000f0 T apmExit
0000000000006e10 000000000000008c T apmInitialize
0000000000006ea0 00000000000000cc T apmSetPerformanceConfiguration
0000000000006f70 0000000000000060 t _nvFenceEventWaitCommon
0000000000006fd0 000000000000005c T nvFenceInit
0000000000007030 0000000000000098 T nvFenceExit
00000000000070d0 00000000000001e0 T nvFenceWait
00000000000072b0 000000000000007c T nvMultiFenceWait
0000000000007330 0000000000000024 T nvioctlNvhostCtrl_EventSignal
0000000000007360 000000000000003c T nvioctlNvhostCtrl_EventWait
00000000000073a0 0000000000000028 T nvioctlNvhostCtrl_EventWaitAsync
00000000000073d0 0000000000000024 T nvioctlNvhostCtrl_EventRegister
0000000000007400 0000000000000024 T nvioctlNvhostCtrl_EventUnregister
0000000000007430 000000000000003c T nvioctlNvmap_Create
0000000000007470 0000000000000030 T nvioctlNvmap_Alloc
00000000000074a0 000000000000003c T nvioctlNvmap_GetId
00000000000074e0 00000000000000f0 T bqRequestBuffer
00000000000075d0 0000000000000154 T bqDequeueBuffer
0000000000007730 000000000000009c T bqDetachBuffer
00000000000077d0 00000000000000e0 T bqQueueBuffer
00000000000078b0 0000000000000090 T bqCancelBuffer
0000000000007940 00000000000000e4 T bqConnect
0000000000007a30 000000000000009c T bqDisconnect
0000000000007ad0 00000000000000b4 T bqSetPreallocatedBuffer
0000000000007b90 0000000000000248 t _binderTransactParcelAuto
0000000000007de0 00000000000000c8 t ipcQueryPointerBufferSize
0000000000007eb0 0000000000000138 t _binderTransactParcel
0000000000007ff0 0000000000000014 T binderCreate
0000000000008010 0000000000000010 T binderTransactParcel
0000000000008020 0000000000000124 T binderConvertErrorCode
0000000000008150 00000000000000e8 T binderAdjustRefcount
0000000000008240 0000000000000074 T binderClose
00000000000082c0 00000000000000c4 T binderInitSession
0000000000008390 0000000000000144 T binderGetNativeHandle
00000000000084e0 0000000000000028 T parcelCreate
0000000000008510 000000000000019c T parcelTransact
00000000000086b0 0000000000000088 T parcelWriteData
0000000000008740 0000000000000098 T parcelReadData
00000000000087e0 0000000000000020 T parcelWriteInt32
0000000000008800 0000000000000020 T parcelWriteUInt32
0000000000008820 0000000000000080 T parcelWriteString16
00000000000088a0 0000000000000030 T parcelWriteInterfaceToken
00000000000088d0 0000000000000024 T parcelReadInt32
0000000000008900 0000000000000068 T parcelReadFlattenedObject
0000000000008970 0000000000000044 T parcelWriteFlattenedObject
00000000000089c0 00000000000000a0 T __nx_dynamic
0000000000008a60 00000000000000d8 W __libnx_initheap
0000000000008b40 0000000000000090 W __appInit
0000000000008bd0 0000000000000034 W __appExit
0000000000008c10 0000000000000028 W __libnx_init
0000000000008c40 0000000000000020 W __libnx_exit
0000000000008c60 0000000000000208 T envSetup
0000000000008e70 0000000000000020 T envGetMainThreadHandle
0000000000008e90 000000000000000c T envIsNso
0000000000008ea0 0000000000000014 T envHasHeapOverride
0000000000008ec0 000000000000000c T envGetHeapOverrideAddr
0000000000008ed0 000000000000000c T envGetHeapOverrideSize
0000000000008ee0 0000000000000014 T envHasArgv
0000000000008f00 000000000000000c T envGetArgv
0000000000008f10 000000000000000c T envGetExitFuncPtr
0000000000008f20 000000000000000c T envSetExitFuncPtr
0000000000008f30 0000000000000008 t mutexInit
0000000000008f40 000000000000000c t rmutexInit
0000000000008f50 000000000000008c T __libnx_gtod
0000000000008fe0 0000000000000020 T __libnx_clock_settime
0000000000009000 0000000000000028 T __libnx_nanosleep
0000000000009030 0000000000000034 t __libnx_get_reent
0000000000009070 00000000000000f8 T __libnx_clock_gettime
0000000000009170 0000000000000058 T __libnx_clock_getres
00000000000091d0 000000000000027c T __libnx_init_time
0000000000009450 0000000000000118 T newlibSetup
0000000000009570 0000000000000368 T argvSetup
00000000000098e0 0000000000000010 t fsdev_link
00000000000098f0 0000000000000010 t fsdev_dirreset
0000000000009900 0000000000000010 t fsdev_chmod
0000000000009910 000000000000001c t error_cmp
0000000000009930 0000000000000058 t fsdev_translate_error
0000000000009990 0000000000000040 t fsdev_fsync
00000000000099d0 0000000000000060 t fsdev_ftruncate
0000000000009a30 0000000000000020 t fsdev_dirclose
0000000000009a50 000000000000016c t fsdev_dirnext
0000000000009bc0 000000000000001c t fsdev_close
0000000000009be0 0000000000000080 t fsdev_fstat
0000000000009c60 00000000000000b0 t fsdev_seek
0000000000009d10 0000000000000198 t fsdev_read
0000000000009eb0 00000000000001a0 t fsdev_write
000000000000a050 0000000000000120 t fsdevFindDevice
000000000000a170 0000000000000168 t _fsdevMountDevice
000000000000a2e0 00000000000001fc t fsdev_getfspath
000000000000a4e0 0000000000000070 t fsdev_rmdir
000000000000a550 00000000000000d4 t fsdev_statvfs
000000000000a630 00000000000000ec t fsdev_diropen
000000000000a720 0000000000000070 t fsdev_mkdir
000000000000a790 0000000000000114 t fsdev_rename
000000000000a8b0 00000000000000e8 t fsdev_chdir
000000000000a9a0 0000000000000070 t fsdev_unlink
000000000000aa10 0000000000000168 t fsdev_stat
000000000000ab80 0000000000000180 t fsdev_open
000000000000ad00 00000000000000b8 t _fsdevUnmountDeviceStruct.part.4
000000000000adc0 0000000000000010 t fsdev_fchmod
000000000000add0 0000000000000158 T fsdevMountSdmc
000000000000af30 0000000000000064 T fsdevUnmountAll
000000000000afa0 000000000000012c T decode_utf8
000000000000b0cc T __aarch64_read_tp
000000000000b0e0 00000000000000a8 T tmemCreate
000000000000b190 0000000000000058 T tmemUnmap
000000000000b1f0 0000000000000068 T tmemClose
000000000000b260 000000000000007c t _GetRegionFromInfo.isra.1
000000000000b2e0 0000000000000114 T virtmemSetup
000000000000b400 000000000000013c T virtmemReserve
000000000000b540 0000000000000004 T virtmemFree
000000000000b550 0000000000000034 t ipcCloseObjectById
000000000000b590 000000000000012c t _timeGetSession
000000000000b6c0 00000000000001ec T timeExit
000000000000b8b0 00000000000000d8 T timeInitialize
000000000000b990 0000000000000124 T timeGetCurrentTime
000000000000bac0 0000000000000118 T timeToCalendarTimeWithMyRule
000000000000bbe0 0000000000000034 t ipcCloseObjectById
000000000000bc20 0000000000000124 t _hidGetSharedMemoryHandle.constprop.11
000000000000bd50 0000000000000134 t _hidCreateAppletResource.constprop.10
000000000000be90 0000000000000100 t _hidCmdWithNoInput
000000000000bf90 000000000000010c t _hidCmdWithInputU32
000000000000c0a0 00000000000001d0 T hidReset
000000000000c270 0000000000000198 T hidSetSupportedNpadIdType
000000000000c410 000000000000000c T hidSetSupportedNpadStyleSet
000000000000c420 000000000000000c T hidSetNpadJoyAssignmentModeDual
000000000000c430 0000000000000130 T hidExit
000000000000c560 000000000000015c T hidInitialize
000000000000c6c0 0000000000000220 t ipcPrepareHeader
000000000000c8e0 000000000000022c t ipcParse
000000000000cb10 00000000000000b8 t serviceIpcParse
000000000000cbd0 0000000000000034 t ipcCloseObjectById
000000000000cc10 0000000000000200 T fsInitialize
000000000000ce10 000000000000009c T fsExit
000000000000ceb0 0000000000000134 T fsMountSdcard
000000000000cff0 0000000000000120 T fsFsCreateFile
000000000000d110 000000000000019c T fsFsDeleteFile
000000000000d2b0 00000000000001a4 T fsFsCreateDirectory
000000000000d460 00000000000001a4 T fsFsDeleteDirectory
000000000000d610 0000000000000190 T fsFsRenameFile
000000000000d7a0 0000000000000190 T fsFsRenameDirectory
000000000000d930 000000000000012c T fsFsGetEntryType
000000000000da60 0000000000000150 T fsFsOpenFile
000000000000dbb0 0000000000000150 T fsFsOpenDirectory
000000000000dd00 000000000000012c T fsFsGetFreeSpace
000000000000de30 000000000000012c T fsFsGetTotalSpace
000000000000df60 000000000000006c T fsFsClose
000000000000dfd0 0000000000000138 T fsFileRead
000000000000e110 000000000000010c T fsFileWrite
000000000000e220 0000000000000174 T fsFileFlush
000000000000e3a0 000000000000017c T fsFileSetSize
000000000000e520 0000000000000100 T fsFileGetSize
000000000000e620 000000000000006c T fsFileClose
000000000000e690 000000000000006c T fsDirClose
000000000000e700 000000000000013c T fsDirRead
000000000000e840 00000000000000c4 T nxlinkSetup
000000000000e910 0000000000000014 T shmemLoadRemote
000000000000e930 0000000000000084 T shmemMap
000000000000e9c0 0000000000000058 T shmemUnmap
000000000000ea20 0000000000000044 T shmemClose
000000000000ea70 0000000000000008 T rwlockWriteLock
000000000000ea80 0000000000000008 T rwlockWriteUnlock
000000000000ea88 00000000000000b8 T bsearch
000000000000eb40 0000000000000014 T __errno
000000000000eb58 0000000000000044 T __libc_fini_array
000000000000eba0 000000000000008c T __libc_init_array
000000000000ec30 000000000000002c T __locale_mb_cur_max
000000000000ec60 0000000000000008 T __locale_ctype_ptr_l
000000000000ec68 000000000000002c T __locale_ctype_ptr
000000000000ec98 0000000000000030 T memalign
000000000000ecc8 0000000000000198 T _memalign_r
000000000000ee60 000000000000001c T malloc
000000000000ee80 000000000000001c T free
000000000000eea0 0000000000000844 T _malloc_r
000000000000f6e8 00000000000002c8 T __utf8_mbtowc
000000000000f9b0 00000000000000d8 T memchr
000000000000fac0 000000000000016c T memcpy
000000000000fc40 00000000000001d8 T memset
000000000000fe18 000000000000000c T __malloc_lock
000000000000fe28 000000000000000c T __malloc_unlock
000000000000fe38 000000000000003c T setenv
000000000000fe78 0000000000000264 T _setenv_r
00000000000100e0 000000000000025c T setvbuf
0000000000010340 00000000000000bc T sscanf
0000000000010400 0000000000000050 T __sread
0000000000010450 0000000000000008 T __seofread
0000000000010458 000000000000006c T __swrite
00000000000104c8 0000000000000050 T __sseek
0000000000010518 0000000000000008 T __sclose
0000000000010520 00000000000000dc T strchr
0000000000010600 00000000000000a4 T strcmp
00000000000106c0 0000000000000140 T strlen
0000000000010800 0000000000000084 T strncat
00000000000108dc 0000000000000108 T strncmp
00000000000109e8 00000000000000a8 T strncpy
0000000000010ae4 00000000000000e0 T strnlen
0000000000010ba0 00000000000001d0 t _strtol_l.isra.0
0000000000010d70 0000000000000048 T _strtol_r
0000000000010db8 00000000000001e0 t _strtoul_l.isra.0
0000000000010f98 0000000000000048 T _strtoul_r
0000000000010fe0 000000000000005c T strtoul
000000000001103c 000000000000005c t get_arg
0000000000011098 0000000000002f48 T __ssvfscanf_r
0000000000013fe0 00000000000000d0 T _wcrtomb_r
00000000000140b0 0000000000000010 T _wcsrtombs_r
00000000000140c0 00000000000000e4 T __utf8_wctomb
00000000000141a8 000000000000017c T __call_exitprocs
0000000000014328 00000000000001a8 t quorem
00000000000144d0 00000000000010dc T _dtoa_r
00000000000155b0 000000000000000c T __env_lock
00000000000155c0 000000000000000c T __env_unlock
00000000000155d0 0000000000000214 T __sflush_r
00000000000157e8 00000000000000b8 T _fflush_r
00000000000158a0 0000000000000078 t std
0000000000015918 000000000000000c T _cleanup_r
0000000000015928 000000000000000c T __sfp_lock_acquire
0000000000015938 000000000000000c T __sfp_lock_release
0000000000015948 000000000000000c T __sinit_lock_acquire
0000000000015958 000000000000000c T __sinit_lock_release
0000000000015968 0000000000000080 T __sinit
00000000000159e8 0000000000000118 T _malloc_trim_r
0000000000015b00 00000000000002f4 T _free_r
0000000000015df8 00000000000000bc T _fwalk_reent
0000000000015eb8 0000000000000100 T _findenv_r
0000000000015fb8 0000000000000084 T iswspace
0000000000016040 0000000000000244 t __jp2uc
0000000000016288 00000000000000d0 T _jp2uc
0000000000016358 0000000000000008 T __localeconv_l
0000000000016360 0000000000000028 T _localeconv_r
0000000000016388 00000000000000a4 T __swhatbuf_r
0000000000016430 00000000000000d8 T _mbrtowc_r
0000000000016508 0000000000000090 T _Balloc
0000000000016598 000000000000001c T _Bfree
00000000000165b8 00000000000000e8 T __multadd
00000000000166a0 0000000000000120 T __s2b
00000000000167c0 000000000000005c T __hi0bits
0000000000016820 00000000000000a0 T __lo0bits
00000000000168c0 000000000000002c T __i2b
00000000000168f0 00000000000001c8 T __multiply
0000000000016ab8 0000000000000104 T __pow5mult
0000000000016bc0 0000000000000134 T __lshift
0000000000016cf8 0000000000000050 T __mcmp
0000000000016d48 000000000000014c T __mdiff
0000000000016e98 0000000000000068 T __ulp
0000000000016f00 0000000000000150 T __b2d
0000000000017050 0000000000000138 T __d2b
0000000000017188 00000000000000a0 T __ratio
0000000000017228 0000000000000068 T __copybits
0000000000017290 0000000000000084 T __any_on
0000000000017318 0000000000000030 T realloc
0000000000017348 000000000000056c T _realloc_r
00000000000178b8 00000000000000bc T __sccl
0000000000017978 000000000000000c T nanf
0000000000017988 000000000000007c T frexp
0000000000017a08 00000000000000a8 T sprintf
0000000000017ab0 00000000000000c8 T stpncpy
0000000000017b78 0000000000000054 t sulp
0000000000017bd0 00000000000010f0 T _strtod_l
0000000000018cc0 0000000000000040 T _strtod_r
0000000000018d00 00000000000001d0 t _strtoll_l.isra.0
0000000000018ed0 0000000000000048 T _strtoll_r
0000000000018f18 00000000000001e0 t _strtoull_l.isra.0
00000000000190f8 0000000000000048 T _strtoull_r
0000000000019140 00000000000001c0 T __ssprint_r
0000000000019300 00000000000000f4 T _sungetc_r
00000000000193f4 0000000000000070 T __ssrefill_r
0000000000019464 00000000000000e0 T _sfread_r
0000000000019544 000000000000076c t get_arg
0000000000019cb0 0000000000003b44 T _svfprintf_r
000000000001d7f8 00000000000000c8 T __submore
000000000001d8c0 00000000000001dc T _wcsnrtombs_l
000000000001daa0 0000000000000054 T _wcsnrtombs_r
000000000001daf8 0000000000000094 T _calloc_r
000000000001db90 000000000000015c T _fclose_r
000000000001dcf0 0000000000000114 t rshift
000000000001de08 00000000000007e8 T __gethex
000000000001e5f0 0000000000000048 T __match
000000000001e638 000000000000022c T __hexnan
000000000001e880 00000000000000ac T memmove
000000000001e930 0000000000000008 t null_write
000000000001e938 0000000000000018 T setDefaultDevice
000000000001e950 00000000000000f8 T FindDevice
000000000001ea48 0000000000000034 T RemoveDevice
000000000001ea80 00000000000000d8 T AddDevice
000000000001eb58 00000000000000a8 T _close_r
000000000001ec00 0000000000000080 T _fstat_r
000000000001ec80 0000000000000094 T _lseek_r
000000000001ed18 00000000000000a4 T _read_r
000000000001edc0 0000000000000078 T _sbrk_r
000000000001ee38 00000000000000a4 T _write_r
000000000001eee0 0000000000000024 T _exit
000000000001ef08 0000000000000234 T _concatenate_path
000000000001f140 0000000000000178 T chdir
000000000001f2b8 0000000000000018 T __libc_lock_acquire
000000000001f2d0 0000000000000018 T __libc_lock_release
000000000001f2e8 0000000000000018 T __libc_lock_init_recursive
000000000001f300 0000000000000018 T __libc_lock_acquire_recursive
000000000001f318 0000000000000018 T __libc_lock_release_recursive
000000000001f330 0000000000000018 T __libc_lock_close_recursive
000000000001f348 000000000000003c T __free_handle
000000000001f388 0000000000000058 T __release_handle
000000000001f3e0 0000000000000020 T __get_handle
000000000001f400 0000000000000024 T __getreent
000000000001f428 0000000000000150 t __extenddftf2
000000000001f578 0000000000000350 t __trunctfdf2
000000000001f8c8 0000000000000070 t __sfp_handle_exceptions
000000000001f938 0000000000000100 T strrchr
000000000001fa38 T _fini
0000000000020108 0000000000000060 r colorTable
0000000000020168 R default_font_bin
0000000000022168 R default_font_bin_end
0000000000022168 R default_font_bin_size
0000000000022180 0000000000000014 r CSWTCH.55
00000000000221f8 0000000000000023 r g_bq_InterfaceDescriptor
0000000000022230 0000000000000018 r error_table
00000000000223c8 0000000000000022 r basefix.6415
00000000000223f0 0000000000000101 R _ctype_
0000000000022548 00000000000000bc r a1
0000000000022608 00000000000000bc r a2
00000000000226c8 000000000000005b r a3
0000000000022728 0000000000000070 r a6
0000000000022798 00000000000000a2 r a7
0000000000022840 0000000000000040 r a8
0000000000022880 000000000000172a r b02cf
0000000000023fb0 0000000000001a7c r d02f4
0000000000025a30 0000000000000028 R __mprec_bigtens
0000000000025a58 00000000000000c8 R __mprec_tens
0000000000025b20 000000000000000c r p05.5161
0000000000025b60 0000000000000014 r fpi.5241
0000000000025b78 0000000000000014 r fpinan.5277
0000000000025b90 0000000000000028 r tinytens
0000000000025bb8 000000000000006c R __action_table
0000000000025c28 0000000000000100 R __chclass
0000000000025d28 000000000000006c R __state_table
0000000000025f20 0000000000000010 r blanks.6378
0000000000025f30 0000000000000010 r zeroes.6379
0000000000025f40 0000000000000100 R __hexdig
0000000000026048 0000000000000003 R DIRECTORY_PARENT
0000000000026050 r __EH_FRAME_BEGIN__
0000000000026050 R __eh_frame_hdr_end
0000000000026050 R __eh_frame_hdr_start
000000000002af84 r __FRAME_END__
000000000002af88 a _DYNAMIC
000000000002e000 t __frame_dummy_init_array_entry
000000000002e000 T __init_array_start
000000000002e000 B __preinit_array_end
000000000002e000 B __preinit_array_start
000000000002e000 D __tdata_lma
000000000002e000 D __tdata_lma_end
000000000002e008 t __do_global_dtors_aux_fini_array_entry
000000000002e008 T __fini_array_start
000000000002e008 T __init_array_end
000000000002e010 T __fini_array_end
000000000002e010 T __got_start__
000000000002e010 a _GLOBAL_OFFSET_TABLE_
000000000002e2c8 D __got_end__
000000000002e2c8 0000000000000004 d g_gfxMode
000000000002e2d0 0000000000000054 d g_gfxQueueBufferData
000000000002e328 000000000000016c d g_gfx_BufferInitData
000000000002e494 0000000000000004 D g_nvgfx_totalframebufs
000000000002e498 0000000000000001 d firstConsoleInit.5948
000000000002e4a0 0000000000000058 d defaultConsole
000000000002e4f8 0000000000000008 d currentConsole
000000000002e500 00000000000000e0 d dotab_stdout
000000000002e5e0 0000000000000038 d s_consoleSwRenderer
000000000002e618 0000000000000004 V __nx_nv_transfermem_size
000000000002e61c 0000000000000001 V __nx_applet_auto_notifyrunning
000000000002e620 0000000000000004 V __nx_applet_type
000000000002e624 0000000000000004 V __nx_vi_stray_layer_flags
000000000002e628 0000000000000004 d g_viServiceType
000000000002e62c 0000000000000004 d g_ctrl_fd
000000000002e630 0000000000000401 d __cwd
000000000002ea34 0000000000000004 d fsdev_fsdevice_cwd
000000000002ea38 0000000000000004 d fsdev_fsdevice_default
000000000002ea40 00000000000000e0 d fsdev_devoptab
000000000002eb20 0000000000000008 D _impure_ptr
000000000002eb28 0000000000000768 d impure_data
000000000002f290 0000000000000008 D _global_impure_ptr
000000000002f298 00000000000001a8 D __global_locale
000000000002f440 0000000000000008 D __malloc_sbrk_base
000000000002f448 0000000000000008 D __malloc_trim_threshold
000000000002f450 0000000000000810 D __malloc_av_
000000000002fc60 0000000000000008 D environ
000000000002fc68 0000000000000004 d defaultDevice
000000000002fc70 0000000000000080 D devoptab_list
000000000002fcf0 00000000000000e0 D dotab_stdnull
000000000002fdd0 0000000000000400 d _current_working_directory
00000000000301d0 0000000000000010 d __stderr_handle
00000000000301e0 0000000000000010 d __stdin_handle
00000000000301f0 0000000000000010 d __stdout_handle
0000000000030200 0000000000002000 d handles
0000000000032200 D __bss_start__
0000000000032200 D __TMC_END__
0000000000032200 b completed.7821
0000000000032208 b object.7826
0000000000032238 000000000000000c b g_bpcSrv
0000000000032248 0000000000000008 b g_refCnt
0000000000032250 0000000000000008 b g_refCnt
0000000000032258 0000000000000004 b g_smHandle
0000000000032260 0000000000000200 b g_smOverrides
0000000000032460 0000000000000008 b g_smOverridesNum
0000000000032468 000000000000000c b g_gfxBinderEvent
0000000000032478 0000000000000010 b g_gfxBinderSession
0000000000032488 0000000000000004 b g_gfxCurrentBuffer
000000000003248c 0000000000000004 b g_gfxCurrentProducerBuffer
0000000000032490 0000000000000050 b g_gfxDisplay
00000000000324e0 000000000000000c b g_gfxDisplayVsyncEvent
00000000000324f0 0000000000000008 b g_gfxFramebuf
00000000000324f8 0000000000000004 b g_gfxFramebufHandle
0000000000032500 0000000000000008 b g_gfxFramebufLinear
0000000000032508 0000000000000008 b g_gfxFramebufSize
0000000000032510 0000000000000001 b g_gfxInitialized
0000000000032518 0000000000000010 b g_gfxLayer
0000000000032528 0000000000000010 b g_gfx_Connect_QueueBufferOutput
0000000000032538 0000000000000001 b g_gfx_ProducerConnected
000000000003253c 0000000000000004 b g_gfx_ProducerSlotsRequested
0000000000032540 0000000000000010 b g_gfx_QueueBuffer_QueueBufferOutput
0000000000032550 0000000000000018 b g_gfx_autoresolution_applethookcookie
0000000000032568 0000000000000004 b g_gfx_autoresolution_docked_height
000000000003256c 0000000000000004 b g_gfx_autoresolution_docked_width
0000000000032570 0000000000000001 b g_gfx_autoresolution_enabled
0000000000032574 0000000000000004 b g_gfx_autoresolution_handheld_height
0000000000032578 0000000000000004 b g_gfx_autoresolution_handheld_width
0000000000032580 0000000000000008 B g_gfx_framebuf_aligned_height
0000000000032588 0000000000000008 B g_gfx_framebuf_aligned_width
0000000000032590 0000000000000008 B g_gfx_framebuf_display_height
0000000000032598 0000000000000008 B g_gfx_framebuf_display_width
00000000000325a0 0000000000000008 B g_gfx_framebuf_height
00000000000325a8 0000000000000008 B g_gfx_framebuf_width
00000000000325b0 0000000000000008 B g_gfx_singleframebuf_linear_size
00000000000325b8 0000000000000008 B g_gfx_singleframebuf_size
00000000000325c0 0000000000000001 b g_nvgfxInitialized
00000000000325c4 0000000000000004 b g_nvgfx_fd_nvmap
00000000000325c8 0000000000000018 b nvmap_fb_obj
00000000000325e0 0000000000000058 b currentCopy
0000000000032638 0000000000000001 b g_HasCached
0000000000032639 0000000000000001 b g_IsAbove200
000000000003263a 0000000000000001 b g_IsAbove300
000000000003263b 0000000000000001 b g_IsAbove400
000000000003263c 0000000000000001 b g_IsAbove500
000000000003263d 0000000000000001 b g_IsAbove600
0000000000032640 0000000000000004 b g_Mutex
0000000000032648 0000000000000008 b g_nvIpcBufferSize
0000000000032650 000000000000000c b g_nvSrv
0000000000032660 000000000000000c b g_nvSrvClone
0000000000032670 0000000000000028 b g_nvTransfermem
0000000000032698 0000000000000008 b g_refCnt
00000000000326a0 0000000000000008 V __nx_applet_PerformanceConfiguration
00000000000326a8 0000000000000004 V __nx_applet_exit_mode
00000000000326ac 0000000000000001 b g_appletExitProcessFlag
00000000000326b0 0000000000000018 b g_appletFirstHook
00000000000326c8 0000000000000001 b g_appletFocusState
00000000000326d0 000000000000000c b g_appletIApplicationCreator
00000000000326e0 000000000000000c b g_appletIAudioController
00000000000326f0 000000000000000c b g_appletICommonStateGetter
0000000000032700 000000000000000c b g_appletIDebugFunctions
0000000000032710 000000000000000c b g_appletIDisplayController
0000000000032720 000000000000000c b g_appletIFunctions
0000000000032730 000000000000000c b g_appletIGlobalStateController
0000000000032740 000000000000000c b g_appletILibraryAppletCreator
0000000000032750 000000000000000c b g_appletILibraryAppletSelfAccessor
0000000000032760 000000000000000c b g_appletIProcessWindingController
0000000000032770 000000000000000c b g_appletISelfController
0000000000032780 000000000000000c b g_appletIWindowController
0000000000032790 000000000000000c b g_appletMessageEvent
000000000003279c 0000000000000001 b g_appletNotifiedRunning
000000000003279d 0000000000000001 b g_appletOperationMode
00000000000327a0 0000000000000004 b g_appletPerformanceMode
00000000000327a8 000000000000000c b g_appletProxySession
00000000000327b4 0000000000000004 b g_appletRecordingInitialized
00000000000327b8 0000000000000028 b g_appletRecordingTmem
00000000000327e0 0000000000000008 b g_appletResourceUserId
00000000000327e8 000000000000000c b g_appletSrv
00000000000327f8 0000000000000008 b g_refCnt
0000000000032800 0000000000000008 V __nx_vi_layer_id
0000000000032808 000000000000000c b g_viIApplicationDisplayService
0000000000032818 000000000000000c b g_viIHOSBinderDriverIndirect
0000000000032828 000000000000000c b g_viIHOSBinderDriverRelay
0000000000032838 000000000000000c b g_viIManagerDisplayService
0000000000032848 000000000000000c b g_viISystemDisplayService
0000000000032858 000000000000000c b g_apmISession
0000000000032868 000000000000000c b g_apmSrv
0000000000032878 0000000000000008 b g_refCnt
0000000000032880 0000000000000008 b g_NvEventUsedMask
0000000000032888 0000000000000300 b g_NvEvents
0000000000032b88 0000000000000008 b g_refCnt
0000000000032b90 0000000000000008 V __nx_heap_size
0000000000032b98 0000000000000001 b g_hasRandomSeed
0000000000032b99 0000000000000001 b g_isNso
0000000000032b9c 0000000000000004 b g_lastLoadResult
0000000000032ba0 0000000000000008 b g_loaderRetAddr
0000000000032ba8 0000000000000004 b g_mainThreadHandle
0000000000032bb0 0000000000000008 b g_nextLoadArgv
0000000000032bb8 0000000000000008 b g_nextLoadPath
0000000000032bc0 0000000000000008 b g_overrideArgv
0000000000032bc8 0000000000000008 b g_overrideHeapAddr
0000000000032bd0 0000000000000008 b g_overrideHeapSize
0000000000032bd8 0000000000000004 b g_processHandle
0000000000032be0 0000000000000010 b g_randomSeed
0000000000032bf0 0000000000000010 b g_syscallHints
0000000000032c00 0000000000000008 b __bootticks
0000000000032c08 0000000000000008 b __boottime
0000000000032c10 0000000000000004 V __nx_time_type
0000000000032c18 0000000000000008 b g_argv_empty
0000000000032c20 0000000000002300 b fsdev_fsdevices
0000000000034f20 0000000000000001 b fsdev_initialised
0000000000034f28 0000000000000010 b g_AddressSpace
0000000000034f38 0000000000000008 b g_CurrentAddr
0000000000034f40 0000000000000030 b g_Region
0000000000034f70 0000000000000004 b g_VirtMemMutex
0000000000034f78 0000000000000008 b g_refCnt
0000000000034f80 000000000000000c b g_timeLocalSystemClock
0000000000034f90 000000000000000c b g_timeNetworkSystemClock
0000000000034fa0 000000000000000c b g_timeSrv
0000000000034fb0 000000000000000c b g_timeTimeZoneService
0000000000034fc0 000000000000000c b g_timeUserSystemClock
0000000000034fd0 0000000000000050 b g_controllerDown
0000000000035020 00000000000001e0 b g_controllerEntries
0000000000035200 0000000000000190 b g_controllerHeaders
0000000000035390 0000000000000050 b g_controllerHeld
00000000000353e0 0000000000000028 b g_controllerLayout
0000000000035408 0000000000000050 b g_controllerOld
0000000000035458 0000000000000004 b g_controllerP1AutoID
0000000000035460 0000000000000050 b g_controllerTimestamps
00000000000354b0 0000000000000050 b g_controllerUp
0000000000035500 000000000000000c b g_hidIAppletResource
0000000000035510 0000000000000020 b g_hidLock
0000000000035530 0000000000000020 b g_hidSharedmem
0000000000035550 000000000000000c b g_hidSrv
0000000000035560 0000000000000020 b g_keyboardDown
0000000000035580 0000000000000038 b g_keyboardEntry
00000000000355b8 0000000000000020 b g_keyboardHeld
00000000000355d8 0000000000000008 b g_keyboardModDown
00000000000355e0 0000000000000008 b g_keyboardModHeld
00000000000355e8 0000000000000008 b g_keyboardModOld
00000000000355f0 0000000000000008 b g_keyboardModUp
00000000000355f8 0000000000000020 b g_keyboardOld
0000000000035618 0000000000000008 b g_keyboardTimestamp
0000000000035620 0000000000000020 b g_keyboardUp
0000000000035640 0000000000000008 b g_mouseDown
0000000000035648 0000000000000030 b g_mouseEntry
0000000000035678 0000000000000008 b g_mouseHeld
0000000000035680 0000000000000008 b g_mouseOld
0000000000035688 0000000000000008 b g_mouseTimestamp
0000000000035690 0000000000000008 b g_mouseUp
0000000000035698 0000000000000008 b g_refCnt
00000000000356a0 000000000000000a b g_sixaxisEnabled
00000000000356b0 0000000000004650 b g_sixaxisLayouts
0000000000039d00 0000000000000298 b g_touchEntry
0000000000039f98 0000000000000008 b g_touchTimestamp
0000000000039fa0 000000000000000c b g_fsSrv
0000000000039fb0 0000000000000008 b g_refCnt
0000000000039fb8 0000000000000028 B __malloc_current_mallinfo
0000000000039fe0 0000000000000008 B __malloc_max_sbrked_mem
0000000000039fe8 0000000000000008 B __malloc_max_total_mem
0000000000039ff0 0000000000000008 B __malloc_top_pad
0000000000039ff8 000000000000000c b __malloc_recursive_mutex
000000000003a004 0000000000000004 b alloced.4037
000000000003a008 000000000000000c B __atexit_recursive_mutex
000000000003a018 0000000000000008 b initial_env
000000000003a020 000000000000000c b __env_recursive_mutex
000000000003a030 000000000000000c b __sfp_recursive_mutex
000000000003a040 000000000000000c b __sinit_recursive_mutex
000000000003a050 0000000000000008 b heap_start.5228
000000000003a058 0000000000000008 B fake_heap_end
000000000003a060 0000000000000008 B fake_heap_start
000000000003a068 0000000000000400 b temp_cwd
000000000003a468 0000000000000090 B __syscalls
000000000003a4f8 0000000000000004 b __hndl_lock
000000000003a500 0000000000000008 B __stack_top
000000000003a508 0000000000000008 B __system_argv
000000000003a510 0000000000000004 B __system_argc
000000000003a518 0000000000000004 B __nxlink_host
000000000003a520 B __tls_start
000000000003e928 B __bss_end__
000000000003e928 A __end__
000000000003e928 B __tls_end
000000000003f000 A __argdata__
